Arguments: 
  D:\node\node.exe C:\Users\woiad\AppData\Roaming\npm\node_modules\yarn\bin\yarn.js init

PATH: 
  C:\Users\woiad\bin;D:\Git\mingw64\bin;D:\Git\usr\local\bin;D:\Git\usr\bin;D:\Git\usr\bin;D:\Git\mingw64\bin;D:\Git\usr\bin;C:\Users\woiad\bin;C:\Python38\Scripts;C:\Python38;%C_EM64T_REDIST11%bin\Intel64;C:\Program Files (x86)\Microsoft SQL Server\100\Tools\Binn;C:\Program Files\Microsoft SQL Server\100\Tools\Binn;C:\Program Files\Microsoft SQL Server\100\DTS\Binn;C:\Program Files (x86)\Microsoft SQL Server\100\Tools\Binn\VSShell\Common7\IDE;C:\Program Files (x86)\Microsoft Visual Studio 9.0\Common7\IDE\PrivateAssemblies;C:\Program Files (x86)\Microsoft SQL Server\100\DTS\Binn;D:\Git\cmd;D:\node;C:\WINDOWS\system32;C:\Program Files\Microsoft\Web Platform Installer;C:\Users\woiad\AppData\Local\Microsoft\WindowsApps;C:\Users\woiad\AppData\Roaming\npm;C:\Users\woiad\.dotnet\tools;C:\Users\woiad\AppData\Local\Programs\Fiddler;C:\WINDOWS\System32\WindowsPowerShell\v1.0;C:\Users\woiad\AppData\Local\Yarn\bin;D:\Git\usr\bin\vendor_perl;D:\Git\usr\bin\core_perl

Yarn version: 
  1.22.10

Node version: 
  14.15.1

Platform: 
  win32 x64

Trace: 
  Error: Can't answer a question unless a user TTY
      at ConsoleReporter.question (C:\Users\woiad\AppData\Roaming\npm\node_modules\yarn\lib\cli.js:96361:59)
      at Object.<anonymous> (C:\Users\woiad\AppData\Roaming\npm\node_modules\yarn\lib\cli.js:88636:38)
      at Generator.next (<anonymous>)
      at step (C:\Users\woiad\AppData\Roaming\npm\node_modules\yarn\lib\cli.js:310:30)
      at C:\Users\woiad\AppData\Roaming\npm\node_modules\yarn\lib\cli.js:321:13

npm manifest: 
  No manifest

yarn manifest: 
  No manifest

Lockfile: 
  No lockfile
